[35m[1mConsolidate compiler generated dependencies of target sub[0m
[35m[1mConsolidate compiler generated dependencies of target server[0m
[35m[1mConsolidate compiler generated dependencies of target client[0m
[35m[1mConsolidate compiler generated dependencies of target pub[0m
[ 25%] Built target sub
[ 62%] Built target client
[ 75%] Built target pub
[ 87%] [32m[1mLinking CXX executable server[0m
[100%] Built target server
-- Install configuration: ""
-- Installing: /root/rm_ws/install/cpp_/lib/cpp_/pub
-- Set runtime path of "/root/rm_ws/install/cpp_/lib/cpp_/pub" to ""
-- Installing: /root/rm_ws/install/cpp_/lib/cpp_/sub
-- Set runtime path of "/root/rm_ws/install/cpp_/lib/cpp_/sub" to ""
-- Installing: /root/rm_ws/install/cpp_/lib/cpp_/server
-- Set runtime path of "/root/rm_ws/install/cpp_/lib/cpp_/server" to ""
-- Installing: /root/rm_ws/install/cpp_/lib/cpp_/client
-- Set runtime path of "/root/rm_ws/install/cpp_/lib/cpp_/client" to ""
-- Installing: /root/rm_ws/install/cpp_/share/ament_index/resource_index/package_run_dependencies/cpp_
-- Installing: /root/rm_ws/install/cpp_/share/ament_index/resource_index/parent_prefix_path/cpp_
-- Installing: /root/rm_ws/install/cpp_/share/cpp_/environment/ament_prefix_path.sh
-- Installing: /root/rm_ws/install/cpp_/share/cpp_/environment/ament_prefix_path.dsv
-- Installing: /root/rm_ws/install/cpp_/share/cpp_/environment/path.sh
-- Installing: /root/rm_ws/install/cpp_/share/cpp_/environment/path.dsv
-- Installing: /root/rm_ws/install/cpp_/share/cpp_/local_setup.bash
-- Installing: /root/rm_ws/install/cpp_/share/cpp_/local_setup.sh
-- Installing: /root/rm_ws/install/cpp_/share/cpp_/local_setup.zsh
-- Installing: /root/rm_ws/install/cpp_/share/cpp_/local_setup.dsv
-- Installing: /root/rm_ws/install/cpp_/share/cpp_/package.dsv
-- Installing: /root/rm_ws/install/cpp_/share/ament_index/resource_index/packages/cpp_
-- Installing: /root/rm_ws/install/cpp_/share/cpp_/cmake/cpp_Config.cmake
-- Installing: /root/rm_ws/install/cpp_/share/cpp_/cmake/cpp_Config-version.cmake
-- Installing: /root/rm_ws/install/cpp_/share/cpp_/package.xml
Traceback (most recent call last):
  File "/usr/lib/python3/dist-packages/colcon_core/executor/__init__.py", line 91, in __call__
    rc = await self.task(*args, **kwargs)
  File "/usr/lib/python3/dist-packages/colcon_core/task/__init__.py", line 93, in __call__
    return await task_method(*args, **kwargs)
  File "/usr/lib/python3/dist-packages/colcon_ros/task/ament_cmake/build.py", line 65, in build
    has_install_target = await has_target(args.build_base, 'install')
  File "/usr/lib/python3/dist-packages/colcon_cmake/task/cmake/__init__.py", line 57, in has_target
    return target in await get_makefile_targets(path)
  File "/usr/lib/python3/dist-packages/colcon_cmake/task/cmake/__init__.py", line 77, in get_makefile_targets
    output = await check_output([
  File "/usr/lib/python3/dist-packages/colcon_core/subprocess.py", line 129, in check_output
    assert not rc, f'Expected {args} to pass: {stderr_data}'
AssertionError: Expected ['/usr/bin/cmake', '--build', '/root/rm_ws/build/cpp_', '--target', 'help'] to pass: gmake: *** [Makefile:377: help] Illegal instruction

